<?xml version="1.0" encoding="UTF-8"?>
<!-- Generated by org.testng.reporters.JUnitReportReporter -->
<testsuite hostname="Sree" failures="0" tests="1" name="com.acti.tests.TaskListTests" time="13.933" errors="0" timestamp="11 Apr 2022 15:39:20 GMT" skipped="0">
  <testcase classname="com.acti.tests.TaskListTests" name="testCreateCustomer" time="13.933"/>
</testsuite> <!-- com.acti.tests.TaskListTests -->
